The system is: Linux - 6.5.10-orbstack-00110-gbcfe04c86d2f - x86_64
Compiling the C compiler identification source file "CMakeCCompilerId.c" succeeded.
Compiler: /usr/lib/llvm-6.0/bin/clang 
Build flags: 
Id flags:  

The output was:
0


Compilation of the C compiler identification source "CMakeCCompilerId.c" produced "a.out"

The C compiler identification is Clang, found in "/tmp/ezre/cmake-build-release-docker/CMakeFiles/3.10.2/CompilerIdC/a.out"

Determining if the C compiler works passed with the following output:
Change Dir: /tmp/ezre/cmake-build-release-docker/CMakeFiles/CMakeTmp

Run Build Command:"/usr/bin/make" "cmTC_3a527/fast"
/usr/bin/make -f CMakeFiles/cmTC_3a527.dir/build.make CMakeFiles/cmTC_3a527.dir/build
make[1]: Entering directory '/tmp/ezre/cmake-build-release-docker/CMakeFiles/CMakeTmp'
Building C object CMakeFiles/cmTC_3a527.dir/testCCompiler.c.o
/usr/lib/llvm-6.0/bin/clang    -o CMakeFiles/cmTC_3a527.dir/testCCompiler.c.o   -c /tmp/ezre/cmake-build-release-docker/CMakeFiles/CMakeTmp/testCCompiler.c
Linking C executable cmTC_3a527
/usr/bin/cmake -E cmake_link_script CMakeFiles/cmTC_3a527.dir/link.txt --verbose=1
/usr/lib/llvm-6.0/bin/clang      CMakeFiles/cmTC_3a527.dir/testCCompiler.c.o  -o cmTC_3a527 
make[1]: Leaving directory '/tmp/ezre/cmake-build-release-docker/CMakeFiles/CMakeTmp'


Detecting C compiler ABI info compiled with the following output:
Change Dir: /tmp/ezre/cmake-build-release-docker/CMakeFiles/CMakeTmp

Run Build Command:"/usr/bin/make" "cmTC_758e6/fast"
/usr/bin/make -f CMakeFiles/cmTC_758e6.dir/build.make CMakeFiles/cmTC_758e6.dir/build
make[1]: Entering directory '/tmp/ezre/cmake-build-release-docker/CMakeFiles/CMakeTmp'
Building C object CMakeFiles/cmTC_758e6.dir/CMakeCCompilerABI.c.o
/usr/lib/llvm-6.0/bin/clang    -o CMakeFiles/cmTC_758e6.dir/CMakeCCompilerABI.c.o   -c /usr/share/cmake-3.10/Modules/CMakeCCompilerABI.c
Linking C executable cmTC_758e6
/usr/bin/cmake -E cmake_link_script CMakeFiles/cmTC_758e6.dir/link.txt --verbose=1
/usr/lib/llvm-6.0/bin/clang     -v CMakeFiles/cmTC_758e6.dir/CMakeCCompilerABI.c.o  -o cmTC_758e6 
clang version 6.0.0-1 (tags/RELEASE_600/final)
Target: x86_64-pc-linux-gnu
Thread model: posix
InstalledDir: /usr/lib/llvm-6.0/bin
Found candidate GCC installation: /usr/lib/gcc/x86_64-linux-gnu/7
Found candidate GCC installation: /usr/lib/gcc/x86_64-linux-gnu/7.3.0
Found candidate GCC installation: /usr/lib/gcc/x86_64-linux-gnu/8
Found candidate GCC installation: /usr/lib/gcc/x86_64-linux-gnu/8.0.1
Selected GCC installation: /usr/lib/gcc/x86_64-linux-gnu/7.3.0
Candidate multilib: .;@m64
Selected multilib: .;@m64
 "/usr/bin/ld" --eh-frame-hdr -m elf_x86_64 -dynamic-linker /lib64/ld-linux-x86-64.so.2 -o cmTC_758e6 /usr/lib/gcc/x86_64-linux-gnu/7.3.0/../../../x86_64-linux-gnu/crt1.o /usr/lib/gcc/x86_64-linux-gnu/7.3.0/../../../x86_64-linux-gnu/crti.o /usr/lib/gcc/x86_64-linux-gnu/7.3.0/crtbegin.o -L/usr/lib/gcc/x86_64-linux-gnu/7.3.0 -L/usr/lib/gcc/x86_64-linux-gnu/7.3.0/../../../x86_64-linux-gnu -L/usr/lib/gcc/x86_64-linux-gnu/7.3.0/../../../../lib64 -L/lib/x86_64-linux-gnu -L/lib/../lib64 -L/usr/lib/x86_64-linux-gnu -L/usr/lib/../lib64 -L/usr/lib/x86_64-linux-gnu/../../lib64 -L/usr/lib/gcc/x86_64-linux-gnu/7.3.0/../../.. -L/usr/lib/llvm-6.0/bin/../lib -L/lib -L/usr/lib CMakeFiles/cmTC_758e6.dir/CMakeCCompilerABI.c.o -lgcc --as-needed -lgcc_s --no-as-needed -lc -lgcc --as-needed -lgcc_s --no-as-needed /usr/lib/gcc/x86_64-linux-gnu/7.3.0/crtend.o /usr/lib/gcc/x86_64-linux-gnu/7.3.0/../../../x86_64-linux-gnu/crtn.o
make[1]: Leaving directory '/tmp/ezre/cmake-build-release-docker/CMakeFiles/CMakeTmp'


Parsed C implicit link information from above output:
  link line regex: [^( *|.*[/\])(ld|CMAKE_LINK_STARTFILE-NOTFOUND|([^/\]+-)?ld|collect2)[^/\]*( |$)]
  ignore line: [Change Dir: /tmp/ezre/cmake-build-release-docker/CMakeFiles/CMakeTmp]
  ignore line: []
  ignore line: [Run Build Command:"/usr/bin/make" "cmTC_758e6/fast"]
  ignore line: [/usr/bin/make -f CMakeFiles/cmTC_758e6.dir/build.make CMakeFiles/cmTC_758e6.dir/build]
  ignore line: [make[1]: Entering directory '/tmp/ezre/cmake-build-release-docker/CMakeFiles/CMakeTmp']
  ignore line: [Building C object CMakeFiles/cmTC_758e6.dir/CMakeCCompilerABI.c.o]
  ignore line: [/usr/lib/llvm-6.0/bin/clang    -o CMakeFiles/cmTC_758e6.dir/CMakeCCompilerABI.c.o   -c /usr/share/cmake-3.10/Modules/CMakeCCompilerABI.c]
  ignore line: [Linking C executable cmTC_758e6]
  ignore line: [/usr/bin/cmake -E cmake_link_script CMakeFiles/cmTC_758e6.dir/link.txt --verbose=1]
  ignore line: [/usr/lib/llvm-6.0/bin/clang     -v CMakeFiles/cmTC_758e6.dir/CMakeCCompilerABI.c.o  -o cmTC_758e6 ]
  ignore line: [clang version 6.0.0-1 (tags/RELEASE_600/final)]
  ignore line: [Target: x86_64-pc-linux-gnu]
  ignore line: [Thread model: posix]
  ignore line: [InstalledDir: /usr/lib/llvm-6.0/bin]
  ignore line: [Found candidate GCC installation: /usr/lib/gcc/x86_64-linux-gnu/7]
  ignore line: [Found candidate GCC installation: /usr/lib/gcc/x86_64-linux-gnu/7.3.0]
  ignore line: [Found candidate GCC installation: /usr/lib/gcc/x86_64-linux-gnu/8]
  ignore line: [Found candidate GCC installation: /usr/lib/gcc/x86_64-linux-gnu/8.0.1]
  ignore line: [Selected GCC installation: /usr/lib/gcc/x86_64-linux-gnu/7.3.0]
  ignore line: [Candidate multilib: .]
  ignore line: [@m64]
  ignore line: [Selected multilib: .]
  ignore line: [@m64]
  link line: [ "/usr/bin/ld" --eh-frame-hdr -m elf_x86_64 -dynamic-linker /lib64/ld-linux-x86-64.so.2 -o cmTC_758e6 /usr/lib/gcc/x86_64-linux-gnu/7.3.0/../../../x86_64-linux-gnu/crt1.o /usr/lib/gcc/x86_64-linux-gnu/7.3.0/../../../x86_64-linux-gnu/crti.o /usr/lib/gcc/x86_64-linux-gnu/7.3.0/crtbegin.o -L/usr/lib/gcc/x86_64-linux-gnu/7.3.0 -L/usr/lib/gcc/x86_64-linux-gnu/7.3.0/../../../x86_64-linux-gnu -L/usr/lib/gcc/x86_64-linux-gnu/7.3.0/../../../../lib64 -L/lib/x86_64-linux-gnu -L/lib/../lib64 -L/usr/lib/x86_64-linux-gnu -L/usr/lib/../lib64 -L/usr/lib/x86_64-linux-gnu/../../lib64 -L/usr/lib/gcc/x86_64-linux-gnu/7.3.0/../../.. -L/usr/lib/llvm-6.0/bin/../lib -L/lib -L/usr/lib CMakeFiles/cmTC_758e6.dir/CMakeCCompilerABI.c.o -lgcc --as-needed -lgcc_s --no-as-needed -lc -lgcc --as-needed -lgcc_s --no-as-needed /usr/lib/gcc/x86_64-linux-gnu/7.3.0/crtend.o /usr/lib/gcc/x86_64-linux-gnu/7.3.0/../../../x86_64-linux-gnu/crtn.o]
    arg [/usr/bin/ld] ==> ignore
    arg [--eh-frame-hdr] ==> ignore
    arg [-m] ==> ignore
    arg [elf_x86_64] ==> ignore
    arg [-dynamic-linker] ==> ignore
    arg [/lib64/ld-linux-x86-64.so.2] ==> ignore
    arg [-o] ==> ignore
    arg [cmTC_758e6] ==> ignore
    arg [/usr/lib/gcc/x86_64-linux-gnu/7.3.0/../../../x86_64-linux-gnu/crt1.o] ==> ignore
    arg [/usr/lib/gcc/x86_64-linux-gnu/7.3.0/../../../x86_64-linux-gnu/crti.o] ==> ignore
    arg [/usr/lib/gcc/x86_64-linux-gnu/7.3.0/crtbegin.o] ==> ignore
    arg [-L/usr/lib/gcc/x86_64-linux-gnu/7.3.0] ==> dir [/usr/lib/gcc/x86_64-linux-gnu/7.3.0]
    arg [-L/usr/lib/gcc/x86_64-linux-gnu/7.3.0/../../../x86_64-linux-gnu] ==> dir [/usr/lib/gcc/x86_64-linux-gnu/7.3.0/../../../x86_64-linux-gnu]
    arg [-L/usr/lib/gcc/x86_64-linux-gnu/7.3.0/../../../../lib64] ==> dir [/usr/lib/gcc/x86_64-linux-gnu/7.3.0/../../../../lib64]
    arg [-L/lib/x86_64-linux-gnu] ==> dir [/lib/x86_64-linux-gnu]
    arg [-L/lib/../lib64] ==> dir [/lib/../lib64]
    arg [-L/usr/lib/x86_64-linux-gnu] ==> dir [/usr/lib/x86_64-linux-gnu]
    arg [-L/usr/lib/../lib64] ==> dir [/usr/lib/../lib64]
    arg [-L/usr/lib/x86_64-linux-gnu/../../lib64] ==> dir [/usr/lib/x86_64-linux-gnu/../../lib64]
    arg [-L/usr/lib/gcc/x86_64-linux-gnu/7.3.0/../../..] ==> dir [/usr/lib/gcc/x86_64-linux-gnu/7.3.0/../../..]
    arg [-L/usr/lib/llvm-6.0/bin/../lib] ==> dir [/usr/lib/llvm-6.0/bin/../lib]
    arg [-L/lib] ==> dir [/lib]
    arg [-L/usr/lib] ==> dir [/usr/lib]
    arg [CMakeFiles/cmTC_758e6.dir/CMakeCCompilerABI.c.o] ==> ignore
    arg [-lgcc] ==> lib [gcc]
    arg [--as-needed] ==> ignore
    arg [-lgcc_s] ==> lib [gcc_s]
    arg [--no-as-needed] ==> ignore
    arg [-lc] ==> lib [c]
    arg [-lgcc] ==> lib [gcc]
    arg [--as-needed] ==> ignore
    arg [-lgcc_s] ==> lib [gcc_s]
    arg [--no-as-needed] ==> ignore
    arg [/usr/lib/gcc/x86_64-linux-gnu/7.3.0/crtend.o] ==> ignore
    arg [/usr/lib/gcc/x86_64-linux-gnu/7.3.0/../../../x86_64-linux-gnu/crtn.o] ==> ignore
  collapse library dir [/usr/lib/gcc/x86_64-linux-gnu/7.3.0] ==> [/usr/lib/gcc/x86_64-linux-gnu/7.3.0]
  collapse library dir [/usr/lib/gcc/x86_64-linux-gnu/7.3.0/../../../x86_64-linux-gnu] ==> [/usr/lib/x86_64-linux-gnu]
  collapse library dir [/usr/lib/gcc/x86_64-linux-gnu/7.3.0/../../../../lib64] ==> [/usr/lib64]
  collapse library dir [/lib/x86_64-linux-gnu] ==> [/lib/x86_64-linux-gnu]
  collapse library dir [/lib/../lib64] ==> [/lib64]
  collapse library dir [/usr/lib/x86_64-linux-gnu] ==> [/usr/lib/x86_64-linux-gnu]
  collapse library dir [/usr/lib/../lib64] ==> [/usr/lib64]
  collapse library dir [/usr/lib/x86_64-linux-gnu/../../lib64] ==> [/usr/lib64]
  collapse library dir [/usr/lib/gcc/x86_64-linux-gnu/7.3.0/../../..] ==> [/usr/lib]
  collapse library dir [/usr/lib/llvm-6.0/bin/../lib] ==> [/usr/lib/llvm-6.0/lib]
  collapse library dir [/lib] ==> [/lib]
  collapse library dir [/usr/lib] ==> [/usr/lib]
  implicit libs: [gcc;gcc_s;c;gcc;gcc_s]
  implicit dirs: [/usr/lib/gcc/x86_64-linux-gnu/7.3.0;/usr/lib/x86_64-linux-gnu;/usr/lib64;/lib/x86_64-linux-gnu;/lib64;/usr/lib;/usr/lib/llvm-6.0/lib;/lib]
  implicit fwks: []




Detecting C [-std=c11] compiler features compiled with the following output:
Change Dir: /tmp/ezre/cmake-build-release-docker/CMakeFiles/CMakeTmp

Run Build Command:"/usr/bin/make" "cmTC_6eb53/fast"
/usr/bin/make -f CMakeFiles/cmTC_6eb53.dir/build.make CMakeFiles/cmTC_6eb53.dir/build
make[1]: Entering directory '/tmp/ezre/cmake-build-release-docker/CMakeFiles/CMakeTmp'
Building C object CMakeFiles/cmTC_6eb53.dir/feature_tests.c.o
/usr/lib/llvm-6.0/bin/clang   -std=c11 -o CMakeFiles/cmTC_6eb53.dir/feature_tests.c.o   -c /tmp/ezre/cmake-build-release-docker/CMakeFiles/feature_tests.c
Linking C executable cmTC_6eb53
/usr/bin/cmake -E cmake_link_script CMakeFiles/cmTC_6eb53.dir/link.txt --verbose=1
/usr/lib/llvm-6.0/bin/clang      CMakeFiles/cmTC_6eb53.dir/feature_tests.c.o  -o cmTC_6eb53 
make[1]: Leaving directory '/tmp/ezre/cmake-build-release-docker/CMakeFiles/CMakeTmp'


    Feature record: C_FEATURE:1c_function_prototypes
    Feature record: C_FEATURE:1c_restrict
    Feature record: C_FEATURE:1c_static_assert
    Feature record: C_FEATURE:1c_variadic_macros


Detecting C [-std=c99] compiler features compiled with the following output:
Change Dir: /tmp/ezre/cmake-build-release-docker/CMakeFiles/CMakeTmp

Run Build Command:"/usr/bin/make" "cmTC_6983f/fast"
/usr/bin/make -f CMakeFiles/cmTC_6983f.dir/build.make CMakeFiles/cmTC_6983f.dir/build
make[1]: Entering directory '/tmp/ezre/cmake-build-release-docker/CMakeFiles/CMakeTmp'
Building C object CMakeFiles/cmTC_6983f.dir/feature_tests.c.o
/usr/lib/llvm-6.0/bin/clang   -std=c99 -o CMakeFiles/cmTC_6983f.dir/feature_tests.c.o   -c /tmp/ezre/cmake-build-release-docker/CMakeFiles/feature_tests.c
Linking C executable cmTC_6983f
/usr/bin/cmake -E cmake_link_script CMakeFiles/cmTC_6983f.dir/link.txt --verbose=1
/usr/lib/llvm-6.0/bin/clang      CMakeFiles/cmTC_6983f.dir/feature_tests.c.o  -o cmTC_6983f 
make[1]: Leaving directory '/tmp/ezre/cmake-build-release-docker/CMakeFiles/CMakeTmp'


    Feature record: C_FEATURE:1c_function_prototypes
    Feature record: C_FEATURE:1c_restrict
    Feature record: C_FEATURE:0c_static_assert
    Feature record: C_FEATURE:1c_variadic_macros


Detecting C [-std=c90] compiler features compiled with the following output:
Change Dir: /tmp/ezre/cmake-build-release-docker/CMakeFiles/CMakeTmp

Run Build Command:"/usr/bin/make" "cmTC_9acd0/fast"
/usr/bin/make -f CMakeFiles/cmTC_9acd0.dir/build.make CMakeFiles/cmTC_9acd0.dir/build
make[1]: Entering directory '/tmp/ezre/cmake-build-release-docker/CMakeFiles/CMakeTmp'
Building C object CMakeFiles/cmTC_9acd0.dir/feature_tests.c.o
/usr/lib/llvm-6.0/bin/clang   -std=c90 -o CMakeFiles/cmTC_9acd0.dir/feature_tests.c.o   -c /tmp/ezre/cmake-build-release-docker/CMakeFiles/feature_tests.c
Linking C executable cmTC_9acd0
/usr/bin/cmake -E cmake_link_script CMakeFiles/cmTC_9acd0.dir/link.txt --verbose=1
/usr/lib/llvm-6.0/bin/clang      CMakeFiles/cmTC_9acd0.dir/feature_tests.c.o  -o cmTC_9acd0 
make[1]: Leaving directory '/tmp/ezre/cmake-build-release-docker/CMakeFiles/CMakeTmp'


    Feature record: C_FEATURE:1c_function_prototypes
    Feature record: C_FEATURE:0c_restrict
    Feature record: C_FEATURE:0c_static_assert
    Feature record: C_FEATURE:0c_variadic_macros
